# JRE version: OpenJDK Runtime Environment (11.0.10) (build 11.0.10+0-b96-7249189)
# Java VM: OpenJDK 64-Bit Server VM (11.0.10+0-b96-7249189, mixed mode, tiered, compressed oops, g1 gc, windows-amd64)
Heap:
 garbage-first heap   total 574464K, used 198052K [0x0000000080000000, 0x0000000100000000)
  region size 1024K, 60 young (61440K), 3 survivors (3072K)
 Metaspace       used 153985K, capacity 159030K, committed 159308K, reserved 1187840K
  class space    used 18615K, capacity 20469K, committed 20608K, reserved 1048576K
GC Heap History (20 events):
Event: 21981.422 GC heap before
{Heap before GC invocations=177 (full 0):
 garbage-first heap   total 574464K, used 179726K [0x0000000080000000, 0x0000000100000000)
  region size 1024K, 28 young (28672K), 7 survivors (7168K)
 Metaspace       used 153678K, capacity 158739K, committed 159052K, reserved 1187840K
  class space    used 18608K, capacity 20464K, committed 20608K, reserved 1048576K
}
Event: 21981.436 GC heap after
{Heap after GC invocations=178 (full 0):
 garbage-first heap   total 574464K, used 139476K [0x0000000080000000, 0x0000000100000000)
  region size 1024K, 2 young (2048K), 2 survivors (2048K)
 Metaspace       used 153678K, capacity 158739K, committed 159052K, reserved 1187840K
  class space    used 18608K, capacity 20464K, committed 20608K, reserved 1048576K
}
Event: 21981.652 GC heap before
{Heap before GC invocations=178 (full 0):
 garbage-first heap   total 574464K, used 174292K [0x0000000080000000, 0x0000000100000000)
  region size 1024K, 37 young (37888K), 2 survivors (2048K)
 Metaspace       used 153701K, capacity 158739K, committed 159052K, reserved 1187840K
  class space    used 18608K, capacity 20464K, committed 20608K, reserved 1048576K
}
Event: 21981.663 GC heap after
{Heap after GC invocations=179 (full 0):
 garbage-first heap   total 574464K, used 143421K [0x0000000080000000, 0x0000000100000000)
  region size 1024K, 6 young (6144K), 6 survivors (6144K)
 Metaspace       used 153701K, capacity 158739K, committed 159052K, reserved 1187840K
  class space    used 18608K, capacity 20464K, committed 20608K, reserved 1048576K
}
Event: 22758.821 GC heap before
{Heap before GC invocations=180 (full 0):
 garbage-first heap   total 574464K, used 390205K [0x0000000080000000, 0x0000000100000000)
  region size 1024K, 215 young (220160K), 6 survivors (6144K)
 Metaspace       used 153756K, capacity 158824K, committed 159308K, reserved 1187840K
  class space    used 18610K, capacity 20468K, committed 20608K, reserved 1048576K
}
Event: 22758.882 GC heap after
{Heap after GC invocations=181 (full 0):
 garbage-first heap   total 574464K, used 143853K [0x0000000080000000, 0x0000000100000000)
  region size 1024K, 8 young (8192K), 8 survivors (8192K)
 Metaspace       used 153756K, capacity 158824K, committed 159308K, reserved 1187840K
  class space    used 18610K, capacity 20468K, committed 20608K, reserved 1048576K
}
Event: 22759.030 GC heap before
{Heap before GC invocations=181 (full 0):
 garbage-first heap   total 574464K, used 164333K [0x0000000080000000, 0x0000000100000000)
  region size 1024K, 28 young (28672K), 8 survivors (8192K)
 Metaspace       used 153758K, capacity 158824K, committed 159308K, reserved 1187840K
  class space    used 18610K, capacity 20468K, committed 20608K, reserved 1048576K
}
Event: 22759.117 GC heap after
{Heap after GC invocations=182 (full 0):
 garbage-first heap   total 574464K, used 135153K [0x0000000080000000, 0x0000000100000000)
  region size 1024K, 4 young (4096K), 4 survivors (4096K)
 Metaspace       used 153758K, capacity 158824K, committed 159308K, reserved 1187840K
  class space    used 18610K, capacity 20468K, committed 20608K, reserved 1048576K
}
Event: 22761.390 GC heap before
{Heap before GC invocations=182 (full 0):
 garbage-first heap   total 574464K, used 224241K [0x0000000080000000, 0x0000000100000000)
  region size 1024K, 93 young (95232K), 4 survivors (4096K)
 Metaspace       used 153767K, capacity 158824K, committed 159308K, reserved 1187840K
  class space    used 18611K, capacity 20468K, committed 20608K, reserved 1048576K
}
Event: 22761.425 GC heap after
{Heap after GC invocations=183 (full 0):
 garbage-first heap   total 574464K, used 138926K [0x0000000080000000, 0x0000000100000000)
  region size 1024K, 8 young (8192K), 8 survivors (8192K)
 Metaspace       used 153767K, capacity 158824K, committed 159308K, reserved 1187840K
  class space    used 18611K, capacity 20468K, committed 20608K, reserved 1048576K
}
Event: 22768.949 GC heap before
{Heap before GC invocations=184 (full 0):
 garbage-first heap   total 574464K, used 418478K [0x0000000080000000, 0x0000000100000000)
  region size 1024K, 256 young (262144K), 8 survivors (8192K)
 Metaspace       used 153893K, capacity 158962K, committed 159308K, reserved 1187840K
  class space    used 18611K, capacity 20468K, committed 20608K, reserved 1048576K
}
Event: 22768.972 GC heap after
{Heap after GC invocations=185 (full 0):
 garbage-first heap   total 574464K, used 144250K [0x0000000080000000, 0x0000000100000000)
  region size 1024K, 10 young (10240K), 10 survivors (10240K)
 Metaspace       used 153893K, capacity 158962K, committed 159308K, reserved 1187840K
  class space    used 18611K, capacity 20468K, committed 20608K, reserved 1048576K
}
Event: 22830.783 GC heap before
{Heap before GC invocations=185 (full 0):
 garbage-first heap   total 574464K, used 161658K [0x0000000080000000, 0x0000000100000000)
  region size 1024K, 28 young (28672K), 10 survivors (10240K)
 Metaspace       used 153900K, capacity 158962K, committed 159308K, reserved 1187840K
  class space    used 18611K, capacity 20468K, committed 20608K, reserved 1048576K
}
Event: 22830.797 GC heap after
{Heap after GC invocations=186 (full 0):
 garbage-first heap   total 574464K, used 138038K [0x0000000080000000, 0x0000000100000000)
  region size 1024K, 3 young (3072K), 3 survivors (3072K)
 Metaspace       used 153900K, capacity 158962K, committed 159308K, reserved 1187840K
  class space    used 18611K, capacity 20468K, committed 20608K, reserved 1048576K
}
Event: 22830.928 GC heap before
{Heap before GC invocations=186 (full 0):
 garbage-first heap   total 574464K, used 165686K [0x0000000080000000, 0x0000000100000000)
  region size 1024K, 31 young (31744K), 3 survivors (3072K)
 Metaspace       used 153918K, capacity 158962K, committed 159308K, reserved 1187840K
  class space    used 18612K, capacity 20468K, committed 20608K, reserved 1048576K
}
Event: 22830.940 GC heap after
{Heap after GC invocations=187 (full 0):
 garbage-first heap   total 574464K, used 140067K [0x0000000080000000, 0x0000000100000000)
  region size 1024K, 5 young (5120K), 5 survivors (5120K)
 Metaspace       used 153918K, capacity 158962K, committed 159308K, reserved 1187840K
  class space    used 18612K, capacity 20468K, committed 20608K, reserved 1048576K
}
Event: 23670.201 GC heap before
{Heap before GC invocations=188 (full 0):
 garbage-first heap   total 574464K, used 449315K [0x0000000080000000, 0x0000000100000000)
  region size 1024K, 278 young (284672K), 5 survivors (5120K)
 Metaspace       used 153972K, capacity 159029K, committed 159308K, reserved 1187840K
  class space    used 18615K, capacity 20469K, committed 20608K, reserved 1048576K
}
Event: 23670.244 GC heap after
{Heap after GC invocations=189 (full 0):
 garbage-first heap   total 574464K, used 150330K [0x0000000080000000, 0x0000000100000000)
  region size 1024K, 16 young (16384K), 16 survivors (16384K)
 Metaspace       used 153972K, capacity 159029K, committed 159308K, reserved 1187840K
  class space    used 18615K, capacity 20469K, committed 20608K, reserved 1048576K
}
Event: 23670.282 GC heap before
{Heap before GC invocations=189 (full 0):
 garbage-first heap   total 574464K, used 161594K [0x0000000080000000, 0x0000000100000000)
  region size 1024K, 28 young (28672K), 16 survivors (16384K)
 Metaspace       used 153976K, capacity 159030K, committed 159308K, reserved 1187840K
  class space    used 18615K, capacity 20469K, committed 20608K, reserved 1048576K
}
Event: 23670.324 GC heap after
{Heap after GC invocations=190 (full 0):
 garbage-first heap   total 574464K, used 140708K [0x0000000080000000, 0x0000000100000000)
  region size 1024K, 3 young (3072K), 3 survivors (3072K)
 Metaspace       used 153976K, capacity 159030K, committed 159308K, reserved 1187840K
  class space    used 18615K, capacity 20469K, committed 20608K, reserved 1048576K
}

